<?xml version="1.0" encoding="UTF-8"?>
<!-- Generated by org.testng.reporters.JUnitReportReporter -->
<testsuite hostname="LAPTOP-U1L5J0SK" failures="0" tests="1" name="Day3.CookiesDemo" time="1.997" errors="0" timestamp="2023-06-20T20:19:50 IST" skipped="0">
  <testcase classname="Day3.CookiesDemo" name="getCookiesInfo" time="1.997"/>
  <system-out/>
</testsuite> <!-- Day3.CookiesDemo -->
