<?xml version="1.0" encoding="UTF-8"?>
<!-- Generated by org.testng.reporters.JUnitReportReporter -->
<testsuite hostname="LAPTOP-U1L5J0SK" failures="0" tests="1" name="Day8.GetUser" time="1.269" errors="0" timestamp="2023-07-12T20:37:39 IST" skipped="0">
  <testcase classname="Day8.GetUser" name="test_getUser" time="1.269"/>
  <system-out/>
</testsuite> <!-- Day8.GetUser -->
