<?xml version="1.0" encoding="UTF-8"?>
<!-- Generated by org.testng.reporters.JUnitReportReporter -->
<testsuite hostname="LAPTOP-U1L5J0SK" failures="0" tests="1" name="Day3.LoggingDemo" time="1.702" errors="0" timestamp="2023-06-21T20:07:44 IST" skipped="0">
  <testcase classname="Day3.LoggingDemo" name="testLogs" time="1.702"/>
  <system-out/>
</testsuite> <!-- Day3.LoggingDemo -->
