<?xml version="1.0" encoding="UTF-8"?>
<!-- Generated by org.testng.reporters.JUnitReportReporter -->
<testsuite hostname="LAPTOP-U1L5J0SK" failures="0" tests="1" name="Day5.ParsingXMLResponse" time="2.138" errors="0" timestamp="2023-06-29T12:55:53 IST" skipped="0">
  <testcase classname="Day5.ParsingXMLResponse" name="testXmlResponseBody" time="2.138"/>
  <system-out/>
</testsuite> <!-- Day5.ParsingXMLResponse -->
