<?xml version="1.0" encoding="UTF-8"?>
<!-- Generated by org.testng.reporters.JUnitReportReporter -->
<testsuite hostname="LAPTOP-U1L5J0SK" failures="0" tests="1" name="Day7.Authentications" time="3.596" errors="0" timestamp="2023-07-11T20:05:48 IST" skipped="0">
  <testcase classname="Day7.Authentications" name="testAPIKeyAuthentication" time="3.596"/>
  <system-out/>
</testsuite> <!-- Day7.Authentications -->
