<?xml version="1.0" encoding="UTF-8"?>
<!-- Generated by org.testng.reporters.JUnitReportReporter -->
<testsuite hostname="LAPTOP-U1L5J0SK" failures="0" tests="1" name="Day2.DifferentWaysToCreatePostRequestBody" time="2.554" errors="0" timestamp="2023-06-15T21:04:16 IST" skipped="0">
  <testcase classname="Day2.DifferentWaysToCreatePostRequestBody" name="testPostUsingExternalJsonFile" time="2.554"/>
  <system-out/>
</testsuite> <!-- Day2.DifferentWaysToCreatePostRequestBody -->
