<?xml version="1.0" encoding="UTF-8"?>
<!-- Generated by org.testng.reporters.JUnitReportReporter -->
<testsuite hostname="LAPTOP-U1L5J0SK" failures="0" tests="1" name="Day4.ParsingJSONResponseData" time="2.427" errors="0" timestamp="2023-06-26T14:24:50 IST" skipped="0">
  <testcase classname="Day4.ParsingJSONResponseData" name="testJsonResponseBodyData" time="2.427"/>
  <system-out/>
</testsuite> <!-- Day4.ParsingJSONResponseData -->
