<?xml version="1.0" encoding="UTF-8"?>
<!-- Generated by org.testng.reporters.JUnitReportReporter -->
<testsuite hostname="LAPTOP-U1L5J0SK" failures="0" tests="1" name="Day1.HTTPRequests2" time="2.350" errors="0" timestamp="2023-06-20T17:44:25 IST" skipped="0">
  <testcase classname="Day1.HTTPRequests2" name="getUsers" time="2.350"/>
  <system-out/>
</testsuite> <!-- Day1.HTTPRequests2 -->
