<?xml version="1.0" encoding="UTF-8"?>
<!-- Generated by org.testng.reporters.JUnitReportReporter -->
<testsuite hostname="LAPTOP-U1L5J0SK" failures="0" tests="4" name="Day1.HTTPRequests" time="4.546" errors="0" timestamp="2023-06-20T17:40:32 IST" skipped="0">
  <testcase classname="Day1.HTTPRequests" name="getUsers" time="2.349"/>
  <system-out/>
  <testcase classname="Day1.HTTPRequests" name="CreateUsers" time="0.999"/>
  <system-out/>
  <testcase classname="Day1.HTTPRequests" name="UpdateUser" time="0.583"/>
  <system-out/>
  <testcase classname="Day1.HTTPRequests" name="deleteUser" time="0.615"/>
  <system-out/>
</testsuite> <!-- Day1.HTTPRequests -->
