<?xml version="1.0" encoding="UTF-8"?>
<!-- Generated by org.testng.reporters.JUnitReportReporter -->
<testsuite hostname="LAPTOP-U1L5J0SK" failures="0" tests="1" name="Day3.HeadersDemo" time="1.826" errors="0" timestamp="2023-06-21T19:53:04 IST" skipped="0">
  <testcase classname="Day3.HeadersDemo" name="getHeadersInfo" time="1.826"/>
  <system-out/>
</testsuite> <!-- Day3.HeadersDemo -->
