<?xml version="1.0" encoding="UTF-8"?>
<!-- Generated by org.testng.reporters.JUnitReportReporter -->
<testsuite hostname="LAPTOP-U1L5J0SK" failures="0" tests="1" name="Day3.PathAndQueryParameters" time="2.228" errors="0" timestamp="2023-06-20T18:09:32 IST" skipped="0">
  <testcase classname="Day3.PathAndQueryParameters" name="testQueryAndPathParameters" time="2.228"/>
  <system-out/>
</testsuite> <!-- Day3.PathAndQueryParameters -->
